<?xml version="1.0" encoding="UTF-8"?>
<!-- Generated by org.testng.reporters.JUnitXMLReporter -->
<testsuite hostname="ROCKY-PC" ignored="0" name="Test1" tests="1" failures="0" timestamp="16 Apr 2018 10:37:54 GMT" time="0.161" errors="0">
  <testcase name="@BeforeMethod openAplication" time="0.026" classname="genric.BaseTest">
    <failure type="java.lang.Error" message="Unresolved compilation problem: 
	Syntax error, insert &amp;quot;;&amp;quot; to complete Statement
">
      <![CDATA[java.lang.Error: Unresolved compilation problem: 
Syntax error, insert ";" to complete Statement

at genric.BaseTest.openAplication(BaseTest.java:33)
... Removed 28 stack frames]]>
    </failure>
  </testcase> <!-- @BeforeMethod openAplication -->
  <testcase name="@AfterMethod closeAplication" time="0.0" classname="genric.BaseTest">
    <skipped/>
  </testcase> <!-- @AfterMethod closeAplication -->
  <testcase name="testvalidLogin" time="0.0" classname="script.validLogin">
    <skipped/>
  </testcase> <!-- testvalidLogin -->
</testsuite> <!-- Test1 -->
